Build started 22.10.2013 14:02:55.
     1>Project "C:\Users\umutzeydan\documents\visual studio 2012\Projects\10253012\10253012\10253012.vcxproj" on node 2 (Build target(s)).
     1>ClCompile:
         C:\Program Files (x86)\Microsoft Visual Studio 11.0\VC\bin\CL.exe /c /ZI /nologo /W3 /WX- /Od /Oy- /D "WIN32" /D _DEBUG /D _CONSOLE /D "_UNICODE" /D "UNICODE" /Gm /EHsc /RTC1 /MDd /GS /fp:precise /Zc:wchar_t /Zc:forScope /Fo"Debug\\" /Fd"Debug\vc110.pdb" /Gd /TP /analyze- /errorReport:prompt hmwrrrkk1.cpp
         hmwrrrkk1.cpp
     1>c:\users\umutzeydan\documents\visual studio 2012\projects\10253012\10253012\hmwrrrkk1.cpp(16): warning C4996: 'scanf': This function or variable may be unsafe. Consider using scanf_s instead. To disable deprecation, use _CRT_SECURE_NO_WARNINGS. See online help for details.
                 c:\program files (x86)\microsoft visual studio 11.0\vc\include\stdio.h(290) : see declaration of 'scanf'
     1>c:\users\umutzeydan\documents\visual studio 2012\projects\10253012\10253012\hmwrrrkk1.cpp(19): warning C4996: 'scanf': This function or variable may be unsafe. Consider using scanf_s instead. To disable deprecation, use _CRT_SECURE_NO_WARNINGS. See online help for details.
                 c:\program files (x86)\microsoft visual studio 11.0\vc\include\stdio.h(290) : see declaration of 'scanf'
     1>c:\users\umutzeydan\documents\visual studio 2012\projects\10253012\10253012\hmwrrrkk1.cpp(24): warning C4996: 'scanf': This function or variable may be unsafe. Consider using scanf_s instead. To disable deprecation, use _CRT_SECURE_NO_WARNINGS. See online help for details.
                 c:\program files (x86)\microsoft visual studio 11.0\vc\include\stdio.h(290) : see declaration of 'scanf'
     1>c:\users\umutzeydan\documents\visual studio 2012\projects\10253012\10253012\hmwrrrkk1.cpp(47): warning C4996: 'scanf': This function or variable may be unsafe. Consider using scanf_s instead. To disable deprecation, use _CRT_SECURE_NO_WARNINGS. See online help for details.
                 c:\program files (x86)\microsoft visual studio 11.0\vc\include\stdio.h(290) : see declaration of 'scanf'
     1>c:\users\umutzeydan\documents\visual studio 2012\projects\10253012\10253012\hmwrrrkk1.cpp(57): warning C4996: 'scanf': This function or variable may be unsafe. Consider using scanf_s instead. To disable deprecation, use _CRT_SECURE_NO_WARNINGS. See online help for details.
                 c:\program files (x86)\microsoft visual studio 11.0\vc\include\stdio.h(290) : see declaration of 'scanf'
     1>c:\users\umutzeydan\documents\visual studio 2012\projects\10253012\10253012\hmwrrrkk1.cpp(64): warning C4996: 'scanf': This function or variable may be unsafe. Consider using scanf_s instead. To disable deprecation, use _CRT_SECURE_NO_WARNINGS. See online help for details.
                 c:\program files (x86)\microsoft visual studio 11.0\vc\include\stdio.h(290) : see declaration of 'scanf'
     1>c:\users\umutzeydan\documents\visual studio 2012\projects\10253012\10253012\hmwrrrkk1.cpp(80): warning C4996: 'scanf': This function or variable may be unsafe. Consider using scanf_s instead. To disable deprecation, use _CRT_SECURE_NO_WARNINGS. See online help for details.
                 c:\program files (x86)\microsoft visual studio 11.0\vc\include\stdio.h(290) : see declaration of 'scanf'
     1>c:\users\umutzeydan\documents\visual studio 2012\projects\10253012\10253012\hmwrrrkk1.cpp(86): warning C4996: 'scanf': This function or variable may be unsafe. Consider using scanf_s instead. To disable deprecation, use _CRT_SECURE_NO_WARNINGS. See online help for details.
                 c:\program files (x86)\microsoft visual studio 11.0\vc\include\stdio.h(290) : see declaration of 'scanf'
     1>c:\users\umutzeydan\documents\visual studio 2012\projects\10253012\10253012\hmwrrrkk1.cpp(114): warning C4996: 'getche': The POSIX name for this item is deprecated. Instead, use the ISO C++ conformant name: _getche. See online help for details.
                 c:\program files (x86)\microsoft visual studio 11.0\vc\include\conio.h(132) : see declaration of 'getche'
     1>c:\users\umutzeydan\documents\visual studio 2012\projects\10253012\10253012\hmwrrrkk1.cpp(6): warning C4101: 'b' : unreferenced local variable
       Link:
         C:\Program Files (x86)\Microsoft Visual Studio 11.0\VC\bin\link.exe /ERRORREPORT:PROMPT /OUT:"C:\Users\umutzeydan\documents\visual studio 2012\Projects\10253012\Debug\10253012.exe" /INCREMENTAL /NOLOGO kernel32.lib user32.lib gdi32.lib winspool.lib comdlg32.lib advapi32.lib shell32.lib ole32.lib oleaut32.lib uuid.lib odbc32.lib odbccp32.lib /MANIFEST /MANIFESTUAC:"level='asInvoker' uiAccess='false'" /manifest:embed /DEBUG /PDB:"C:\Users\umutzeydan\documents\visual studio 2012\Projects\10253012\Debug\10253012.pdb" /SUBSYSTEM:CONSOLE /TLBID:1 /DYNAMICBASE /NXCOMPAT /IMPLIB:"C:\Users\umutzeydan\documents\visual studio 2012\Projects\10253012\Debug\10253012.lib" /MACHINE:X86 Debug\hmwrrrkk1.obj
         10253012.vcxproj -> C:\Users\umutzeydan\documents\visual studio 2012\Projects\10253012\Debug\10253012.exe
     1>Done Building Project "C:\Users\umutzeydan\documents\visual studio 2012\Projects\10253012\10253012\10253012.vcxproj" (Build target(s)).

Build succeeded.

Time Elapsed 00:00:00.45
